TN:
SF:/home/user/Documents/Widerstandsteiler/Test/Test.cpp
FN:6,_ZN16Ecalc_Werte_TestD2Ev
FN:6,_ZN16Ecalc_Werte_TestD0Ev
FN:6,_ZN16Ecalc_Werte_TestC2Ev
FN:6,_ZN16Ecalc_Werte_Test8TestBodyEv
FN:28,main
FN:33,_Z41__static_initialization_and_destruction_0ii
FN:33,_GLOBAL__sub_I_Test.cpp
FNDA:1,_Z41__static_initialization_and_destruction_0ii
FNDA:1,_ZN16Ecalc_Werte_TestD2Ev
FNDA:1,main
FNDA:1,_ZN16Ecalc_Werte_Test8TestBodyEv
FNDA:1,_GLOBAL__sub_I_Test.cpp
FNDA:1,_ZN16Ecalc_Werte_TestD0Ev
FNDA:1,_ZN16Ecalc_Werte_TestC2Ev
FNF:7
FNH:7
DA:6,5
DA:8,1
DA:9,1
DA:11,1
DA:12,1
DA:13,1
DA:14,1
DA:15,1
DA:28,1
DA:31,1
DA:32,1
DA:33,3
LF:12
LH:12
end_of_record
TN:
SF:/home/user/Documents/Widerstandsteiler/algorithm/Ecalc.cpp
FN:7,_ZN5EcalcC2Ev
FN:11,_ZN5Ecalc9calculateEdddd
FN:22,_ZN5Ecalc12getResistor1Ev
FN:27,_ZN5Ecalc12getResistor2Ev
FN:32,_ZN5Ecalc9getOutputEv
FN:37,_ZN5Ecalc11getErrorABSEv
FN:42,_ZN5Ecalc11getErrorRelEv
FN:47,_ZN5Ecalc4calcEv
FN:83,_ZN5Ecalc4getREi
FNDA:1,_ZN5EcalcC2Ev
FNDA:1,_ZN5Ecalc11getErrorABSEv
FNDA:1,_ZN5Ecalc12getResistor2Ev
FNDA:1,_ZN5Ecalc9calculateEdddd
FNDA:1,_ZN5Ecalc12getResistor1Ev
FNDA:3,_ZN5Ecalc9getOutputEv
FNDA:1,_ZN5Ecalc11getErrorRelEv
FNDA:438,_ZN5Ecalc4getREi
FNDA:1,_ZN5Ecalc4calcEv
FNF:9
FNH:9
DA:7,1
DA:9,1
DA:11,1
DA:13,1
DA:14,1
DA:15,1
DA:16,1
DA:17,1
DA:19,1
DA:22,1
DA:24,1
DA:27,1
DA:29,1
DA:32,3
DA:34,3
DA:37,1
DA:39,1
DA:42,1
DA:44,1
DA:47,1
DA:49,1
DA:51,1
DA:56,1
DA:58,4
DA:60,12
DA:62,45
DA:64,180
DA:66,144
DA:67,144
DA:68,144
DA:70,3
DA:71,3
DA:72,3
DA:78,1
DA:79,1
DA:80,1
DA:81,1
DA:83,438
DA:85,438
DA:86,438
DA:88,438
DA:89,438
DA:91,0
DA:92,0
DA:94,0
DA:95,0
DA:97,0
DA:98,0
DA:100,0
DA:101,0
DA:103,0
DA:104,0
DA:106,0
DA:107,0
DA:110,0
LF:55
LH:42
end_of_record
