TN:
SF:/home/user/Documents/Widerstandsteiler/Test/Test.cpp
FN:6,_ZN16Ecalc_Werte_TestD2Ev
FN:6,_ZN16Ecalc_Werte_Test8TestBodyEv
FN:6,_ZN16Ecalc_Werte_TestC2Ev
FN:6,_ZN16Ecalc_Werte_TestD0Ev
FN:28,main
FN:33,_Z41__static_initialization_and_destruction_0ii
FN:33,_GLOBAL__sub_I_Test.cpp
FNDA:1,_Z41__static_initialization_and_destruction_0ii
FNDA:1,_ZN16Ecalc_Werte_TestC2Ev
FNDA:1,_ZN16Ecalc_Werte_TestD2Ev
FNDA:1,_ZN16Ecalc_Werte_Test8TestBodyEv
FNDA:1,_GLOBAL__sub_I_Test.cpp
FNDA:1,main
FNDA:1,_ZN16Ecalc_Werte_TestD0Ev
FNF:7
FNH:7
DA:6,5
DA:8,1
DA:9,1
DA:11,1
DA:12,1
DA:13,1
DA:14,1
DA:15,1
DA:28,1
DA:30,2
DA:31,1
DA:32,1
DA:33,3
LF:13
LH:13
end_of_record
TN:
SF:/home/user/Documents/Widerstandsteiler/algorithm/Ecalc.cpp
FN:7,_ZN5EcalcC2Ev
FN:11,_ZN5Ecalc9calculateEdddd
FN:20,_ZN5Ecalc12getResistor1Ev
FN:25,_ZN5Ecalc12getResistor2Ev
FN:30,_ZN5Ecalc9getOutputEv
FN:35,_ZN5Ecalc11getErrorABSEv
FN:40,_ZN5Ecalc11getErrorRelEv
FN:45,_ZN5Ecalc4calcEv
FN:81,_ZN5Ecalc4getREi
FNDA:1,_ZN5Ecalc12getResistor2Ev
FNDA:1,_ZN5Ecalc4calcEv
FNDA:438,_ZN5Ecalc4getREi
FNDA:1,_ZN5Ecalc11getErrorABSEv
FNDA:1,_ZN5EcalcC2Ev
FNDA:1,_ZN5Ecalc9calculateEdddd
FNDA:1,_ZN5Ecalc12getResistor1Ev
FNDA:1,_ZN5Ecalc11getErrorRelEv
FNDA:3,_ZN5Ecalc9getOutputEv
FNF:9
FNH:9
DA:7,1
DA:9,1
DA:11,1
DA:13,1
DA:14,1
DA:15,1
DA:16,1
DA:17,1
DA:18,1
DA:20,1
DA:22,1
DA:25,1
DA:27,1
DA:30,3
DA:32,3
DA:35,1
DA:37,1
DA:40,1
DA:42,1
DA:45,1
DA:47,1
DA:49,1
DA:54,1
DA:56,4
DA:58,12
DA:60,45
DA:62,180
DA:64,144
DA:65,144
DA:66,144
DA:68,3
DA:69,3
DA:70,3
DA:76,1
DA:77,1
DA:78,1
DA:79,1
DA:81,438
DA:83,438
DA:84,438
DA:86,438
DA:87,438
DA:89,0
DA:90,0
DA:92,0
DA:93,0
DA:95,0
DA:96,0
DA:98,0
DA:99,0
DA:101,0
DA:102,0
DA:104,0
DA:105,0
DA:108,0
LF:55
LH:42
end_of_record
