TN:
SF:/home/user/Documents/Widerstandsteiler/Test/Test.cpp
FN:10,_ZN18Ecalc_E3Reihe_TestC2Ev
FN:10,_ZN18Ecalc_E3Reihe_Test8TestBodyEv
FN:10,_ZN18Ecalc_E3Reihe_TestD0Ev
FN:10,_ZN18Ecalc_E3Reihe_TestD2Ev
FN:21,_ZN18Ecalc_E6Reihe_TestD0Ev
FN:21,_ZN18Ecalc_E6Reihe_TestD2Ev
FN:21,_ZN18Ecalc_E6Reihe_Test8TestBodyEv
FN:21,_ZN18Ecalc_E6Reihe_TestC2Ev
FN:32,_ZN19Ecalc_E12Reihe_TestC2Ev
FN:32,_ZN19Ecalc_E12Reihe_TestD0Ev
FN:32,_ZN19Ecalc_E12Reihe_TestD2Ev
FN:32,_ZN19Ecalc_E12Reihe_Test8TestBodyEv
FN:43,_ZN19Ecalc_E24Reihe_TestC2Ev
FN:43,_ZN19Ecalc_E24Reihe_Test8TestBodyEv
FN:43,_ZN19Ecalc_E24Reihe_TestD2Ev
FN:43,_ZN19Ecalc_E24Reihe_TestD0Ev
FN:54,_ZN19Ecalc_E48Reihe_TestC2Ev
FN:54,_ZN19Ecalc_E48Reihe_TestD2Ev
FN:54,_ZN19Ecalc_E48Reihe_Test8TestBodyEv
FN:54,_ZN19Ecalc_E48Reihe_TestD0Ev
FN:65,_ZN19Ecalc_E96Reihe_TestD0Ev
FN:65,_ZN19Ecalc_E96Reihe_Test8TestBodyEv
FN:65,_ZN19Ecalc_E96Reihe_TestD2Ev
FN:65,_ZN19Ecalc_E96Reihe_TestC2Ev
FN:76,_ZN20Ecalc_E192Reihe_Test8TestBodyEv
FN:76,_ZN20Ecalc_E192Reihe_TestD0Ev
FN:76,_ZN20Ecalc_E192Reihe_TestC2Ev
FN:76,_ZN20Ecalc_E192Reihe_TestD2Ev
FN:97,_ZN25Ecalc_UoutgreaterUin_TestD0Ev
FN:97,_ZN25Ecalc_UoutgreaterUin_TestD2Ev
FN:97,_ZN25Ecalc_UoutgreaterUin_TestC2Ev
FN:97,_ZN25Ecalc_UoutgreaterUin_Test8TestBodyEv
FN:102,_ZN21Ecalc_UinNegativ_TestD0Ev
FN:102,_ZN21Ecalc_UinNegativ_TestC2Ev
FN:102,_ZN21Ecalc_UinNegativ_Test8TestBodyEv
FN:102,_ZN21Ecalc_UinNegativ_TestD2Ev
FN:107,_ZN22Ecalc_UoutNegativ_Test8TestBodyEv
FN:107,_ZN22Ecalc_UoutNegativ_TestC2Ev
FN:107,_ZN22Ecalc_UoutNegativ_TestD2Ev
FN:107,_ZN22Ecalc_UoutNegativ_TestD0Ev
FN:112,_ZN28Ecalc_UinANDUoutNegativ_TestC2Ev
FN:112,_ZN28Ecalc_UinANDUoutNegativ_TestD0Ev
FN:112,_ZN28Ecalc_UinANDUoutNegativ_TestD2Ev
FN:112,_ZN28Ecalc_UinANDUoutNegativ_Test8TestBodyEv
FN:117,_ZN30Ecalc_UinANDUoutequalZero_TestD0Ev
FN:117,_ZN30Ecalc_UinANDUoutequalZero_TestC2Ev
FN:117,_ZN30Ecalc_UinANDUoutequalZero_TestD2Ev
FN:117,_ZN30Ecalc_UinANDUoutequalZero_Test8TestBodyEv
FN:124,main
FN:129,_Z41__static_initialization_and_destruction_0ii
FN:129,_GLOBAL__sub_I_Test.cpp
FNDA:1,_ZN18Ecalc_E3Reihe_TestD2Ev
FNDA:1,_ZN18Ecalc_E6Reihe_TestD2Ev
FNDA:1,_ZN22Ecalc_UoutNegativ_TestD2Ev
FNDA:1,_ZN18Ecalc_E3Reihe_TestD0Ev
FNDA:1,_ZN19Ecalc_E24Reihe_TestD0Ev
FNDA:1,_ZN28Ecalc_UinANDUoutNegativ_TestD2Ev
FNDA:1,_ZN19Ecalc_E12Reihe_Test8TestBodyEv
FNDA:1,_ZN20Ecalc_E192Reihe_TestC2Ev
FNDA:1,_GLOBAL__sub_I_Test.cpp
FNDA:1,_ZN19Ecalc_E12Reihe_TestD2Ev
FNDA:1,_ZN25Ecalc_UoutgreaterUin_TestD2Ev
FNDA:1,_ZN18Ecalc_E6Reihe_Test8TestBodyEv
FNDA:1,_ZN21Ecalc_UinNegativ_Test8TestBodyEv
FNDA:1,_ZN30Ecalc_UinANDUoutequalZero_TestD2Ev
FNDA:1,_ZN20Ecalc_E192Reihe_TestD0Ev
FNDA:1,_ZN30Ecalc_UinANDUoutequalZero_Test8TestBodyEv
FNDA:1,_ZN25Ecalc_UoutgreaterUin_Test8TestBodyEv
FNDA:1,_ZN22Ecalc_UoutNegativ_TestD0Ev
FNDA:1,_ZN25Ecalc_UoutgreaterUin_TestC2Ev
FNDA:1,_ZN21Ecalc_UinNegativ_TestD2Ev
FNDA:1,main
FNDA:1,_ZN28Ecalc_UinANDUoutNegativ_Test8TestBodyEv
FNDA:1,_ZN20Ecalc_E192Reihe_TestD2Ev
FNDA:1,_ZN18Ecalc_E6Reihe_TestC2Ev
FNDA:1,_ZN28Ecalc_UinANDUoutNegativ_TestC2Ev
FNDA:1,_ZN19Ecalc_E48Reihe_TestC2Ev
FNDA:1,_ZN19Ecalc_E24Reihe_TestC2Ev
FNDA:1,_ZN19Ecalc_E96Reihe_TestD0Ev
FNDA:1,_ZN18Ecalc_E6Reihe_TestD0Ev
FNDA:1,_Z41__static_initialization_and_destruction_0ii
FNDA:1,_ZN28Ecalc_UinANDUoutNegativ_TestD0Ev
FNDA:1,_ZN21Ecalc_UinNegativ_TestD0Ev
FNDA:1,_ZN19Ecalc_E48Reihe_TestD2Ev
FNDA:1,_ZN30Ecalc_UinANDUoutequalZero_TestD0Ev
FNDA:1,_ZN19Ecalc_E48Reihe_Test8TestBodyEv
FNDA:1,_ZN18Ecalc_E3Reihe_Test8TestBodyEv
FNDA:1,_ZN18Ecalc_E3Reihe_TestC2Ev
FNDA:1,_ZN22Ecalc_UoutNegativ_TestC2Ev
FNDA:1,_ZN19Ecalc_E12Reihe_TestC2Ev
FNDA:1,_ZN22Ecalc_UoutNegativ_Test8TestBodyEv
FNDA:1,_ZN19Ecalc_E24Reihe_TestD2Ev
FNDA:1,_ZN19Ecalc_E24Reihe_Test8TestBodyEv
FNDA:1,_ZN30Ecalc_UinANDUoutequalZero_TestC2Ev
FNDA:1,_ZN21Ecalc_UinNegativ_TestC2Ev
FNDA:1,_ZN20Ecalc_E192Reihe_Test8TestBodyEv
FNDA:1,_ZN19Ecalc_E96Reihe_TestC2Ev
FNDA:1,_ZN25Ecalc_UoutgreaterUin_TestD0Ev
FNDA:1,_ZN19Ecalc_E96Reihe_Test8TestBodyEv
FNDA:1,_ZN19Ecalc_E96Reihe_TestD2Ev
FNDA:1,_ZN19Ecalc_E12Reihe_TestD0Ev
FNDA:1,_ZN19Ecalc_E48Reihe_TestD0Ev
FNF:51
FNH:51
DA:10,5
DA:12,1
DA:13,1
DA:15,1
DA:16,1
DA:17,1
DA:18,1
DA:21,5
DA:23,1
DA:24,1
DA:26,1
DA:27,1
DA:28,1
DA:29,1
DA:32,5
DA:34,1
DA:35,1
DA:37,1
DA:38,1
DA:39,1
DA:40,1
DA:43,5
DA:45,1
DA:46,1
DA:48,1
DA:49,1
DA:50,1
DA:51,1
DA:54,5
DA:56,1
DA:57,1
DA:59,1
DA:60,1
DA:61,1
DA:62,1
DA:65,5
DA:67,1
DA:68,1
DA:70,1
DA:71,1
DA:72,1
DA:73,1
DA:76,5
DA:78,1
DA:79,1
DA:81,1
DA:82,1
DA:83,1
DA:84,1
DA:97,5
DA:98,1
DA:99,1
DA:102,5
DA:103,1
DA:104,1
DA:107,5
DA:108,1
DA:109,1
DA:112,5
DA:113,1
DA:114,1
DA:117,5
DA:118,1
DA:119,1
DA:124,1
DA:127,1
DA:128,1
DA:129,3
LF:68
LH:68
end_of_record
TN:
SF:/home/user/Documents/Widerstandsteiler/algorithm/Ecalc.cpp
FN:7,_ZN5EcalcC2Ev
FN:11,_ZN5Ecalc9calculateEdddd
FN:22,_ZN5Ecalc12getResistor1Ev
FN:27,_ZN5Ecalc12getResistor2Ev
FN:32,_ZN5Ecalc9getOutputEv
FN:37,_ZN5Ecalc11getErrorABSEv
FN:42,_ZN5Ecalc11getErrorRelEv
FN:47,_ZN5Ecalc4calcEv
FN:83,_ZN5Ecalc4getREi
FNDA:2361478,_ZN5Ecalc4getREi
FNDA:7,_ZN5Ecalc11getErrorRelEv
FNDA:12,_ZN5Ecalc9calculateEdddd
FNDA:12,_ZN5Ecalc4calcEv
FNDA:21,_ZN5Ecalc9getOutputEv
FNDA:7,_ZN5Ecalc12getResistor2Ev
FNDA:12,_ZN5EcalcC2Ev
FNDA:7,_ZN5Ecalc12getResistor1Ev
FNDA:7,_ZN5Ecalc11getErrorABSEv
FNF:9
FNH:9
DA:7,12
DA:9,12
DA:11,12
DA:13,12
DA:14,12
DA:15,12
DA:16,12
DA:17,12
DA:19,12
DA:22,7
DA:24,7
DA:27,7
DA:29,7
DA:32,21
DA:34,21
DA:37,7
DA:39,7
DA:42,7
DA:44,7
DA:47,12
DA:49,12
DA:51,12
DA:56,12
DA:58,408
DA:60,49590
DA:62,245970
DA:64,983880
DA:66,787104
DA:67,787104
DA:68,787104
DA:70,83
DA:71,83
DA:72,83
DA:78,12
DA:79,12
DA:80,12
DA:81,12
DA:83,2361478
DA:85,2361478
DA:86,2361478
DA:88,2598
DA:89,2598
DA:91,1734
DA:92,1734
DA:94,6922
DA:95,6922
DA:97,27676
DA:98,27676
DA:100,110626
DA:101,110626
DA:103,442410
DA:104,442410
DA:106,1769512
DA:107,1769512
DA:110,0
LF:55
LH:54
end_of_record
